# JRE version: OpenJDK Runtime Environment (11.0.6+10) (build 11.0.6+10-post-Ubuntu-1ubuntu118.04.1)
# Java VM: OpenJDK 64-Bit Server VM (11.0.6+10-post-Ubuntu-1ubuntu118.04.1, mixed mode, sharing, tiered, compressed oops, g1 gc, linux-amd64)
Heap:
 garbage-first heap   total 307200K, used 26052K [0x0000000085200000, 0x0000000100000000)
  region size 1024K, 12 young (12288K), 12 survivors (12288K)
 Metaspace       used 38107K, capacity 39560K, committed 39800K, reserved 1083392K
  class space    used 5129K, capacity 5723K, committed 5752K, reserved 1048576K
GC Heap History (17 events):
Event: 0.331 GC heap before
{Heap before GC invocations=0 (full 0):
 garbage-first heap   total 129024K, used 14020K [0x0000000085200000, 0x0000000100000000)
  region size 1024K, 14 young (14336K), 0 survivors (0K)
 Metaspace       used 1941K, capacity 4675K, committed 4864K, reserved 1056768K
  class space    used 241K, capacity 456K, committed 512K, reserved 1048576K
}
Event: 0.343 GC heap after
{Heap after GC invocations=1 (full 0):
 garbage-first heap   total 129024K, used 6583K [0x0000000085200000, 0x0000000100000000)
  region size 1024K, 2 young (2048K), 2 survivors (2048K)
 Metaspace       used 1941K, capacity 4675K, committed 4864K, reserved 1056768K
  class space    used 241K, capacity 456K, committed 512K, reserved 1048576K
}
Event: 0.591 GC heap before
{Heap before GC invocations=1 (full 0):
 garbage-first heap   total 129024K, used 15799K [0x0000000085200000, 0x0000000100000000)
  region size 1024K, 12 young (12288K), 2 survivors (2048K)
 Metaspace       used 5972K, capacity 6283K, committed 6528K, reserved 1056768K
  class space    used 746K, capacity 869K, committed 896K, reserved 1048576K
}
Event: 0.600 GC heap after
{Heap after GC invocations=2 (full 0):
 garbage-first heap   total 129024K, used 8115K [0x0000000085200000, 0x0000000100000000)
  region size 1024K, 2 young (2048K), 2 survivors (2048K)
 Metaspace       used 5972K, capacity 6283K, committed 6528K, reserved 1056768K
  class space    used 746K, capacity 869K, committed 896K, reserved 1048576K
}
Event: 0.747 GC heap before
{Heap before GC invocations=2 (full 0):
 garbage-first heap   total 129024K, used 31667K [0x0000000085200000, 0x0000000100000000)
  region size 1024K, 26 young (26624K), 2 survivors (2048K)
 Metaspace       used 7019K, capacity 7389K, committed 7552K, reserved 1056768K
  class space    used 877K, capacity 1028K, committed 1152K, reserved 1048576K
}
Event: 0.755 GC heap after
{Heap after GC invocations=3 (full 0):
 garbage-first heap   total 129024K, used 8453K [0x0000000085200000, 0x0000000100000000)
  region size 1024K, 2 young (2048K), 2 survivors (2048K)
 Metaspace       used 7019K, capacity 7389K, committed 7552K, reserved 1056768K
  class space    used 877K, capacity 1028K, committed 1152K, reserved 1048576K
}
Event: 1.046 GC heap before
{Heap before GC invocations=3 (full 0):
 garbage-first heap   total 129024K, used 44293K [0x0000000085200000, 0x0000000100000000)
  region size 1024K, 38 young (38912K), 2 survivors (2048K)
 Metaspace       used 11448K, capacity 11932K, committed 12032K, reserved 1058816K
  class space    used 1566K, capacity 1760K, committed 1792K, reserved 1048576K
}
Event: 1.056 GC heap after
{Heap after GC invocations=4 (full 0):
 garbage-first heap   total 129024K, used 9953K [0x0000000085200000, 0x0000000100000000)
  region size 1024K, 4 young (4096K), 4 survivors (4096K)
 Metaspace       used 11448K, capacity 11932K, committed 12032K, reserved 1058816K
  class space    used 1566K, capacity 1760K, committed 1792K, reserved 1048576K
}
Event: 1.697 GC heap before
{Heap before GC invocations=4 (full 0):
 garbage-first heap   total 129024K, used 77537K [0x0000000085200000, 0x0000000100000000)
  region size 1024K, 71 young (72704K), 4 survivors (4096K)
 Metaspace       used 20260K, capacity 21082K, committed 21248K, reserved 1067008K
  class space    used 2741K, capacity 3048K, committed 3072K, reserved 1048576K
}
Event: 1.711 GC heap after
{Heap after GC invocations=5 (full 0):
 garbage-first heap   total 197632K, used 12022K [0x0000000085200000, 0x0000000100000000)
  region size 1024K, 6 young (6144K), 6 survivors (6144K)
 Metaspace       used 20260K, capacity 21082K, committed 21248K, reserved 1067008K
  class space    used 2741K, capacity 3048K, committed 3072K, reserved 1048576K
}
Event: 2.743 GC heap before
{Heap before GC invocations=6 (full 0):
 garbage-first heap   total 197632K, used 111350K [0x0000000085200000, 0x0000000100000000)
  region size 1024K, 103 young (105472K), 6 survivors (6144K)
 Metaspace       used 23378K, capacity 24257K, committed 24576K, reserved 1071104K
  class space    used 3164K, capacity 3495K, committed 3584K, reserved 1048576K
}
Event: 2.769 GC heap after
{Heap after GC invocations=7 (full 0):
 garbage-first heap   total 197632K, used 15121K [0x0000000085200000, 0x0000000100000000)
  region size 1024K, 9 young (9216K), 9 survivors (9216K)
 Metaspace       used 23378K, capacity 24257K, committed 24576K, reserved 1071104K
  class space    used 3164K, capacity 3495K, committed 3584K, reserved 1048576K
}
Event: 5.779 GC heap before
{Heap before GC invocations=7 (full 0):
 garbage-first heap   total 197632K, used 123665K [0x0000000085200000, 0x0000000100000000)
  region size 1024K, 115 young (117760K), 9 survivors (9216K)
 Metaspace       used 32191K, capacity 33353K, committed 33536K, reserved 1077248K
  class space    used 4391K, capacity 4852K, committed 4864K, reserved 1048576K
}
Event: 5.829 GC heap after
{Heap after GC invocations=8 (full 0):
 garbage-first heap   total 197632K, used 20200K [0x0000000085200000, 0x0000000100000000)
  region size 1024K, 12 young (12288K), 12 survivors (12288K)
 Metaspace       used 32191K, capacity 33353K, committed 33536K, reserved 1077248K
  class space    used 4391K, capacity 4852K, committed 4864K, reserved 1048576K
}
Event: 6.620 GC heap before
{Heap before GC invocations=8 (full 0):
 garbage-first heap   total 197632K, used 36584K [0x0000000085200000, 0x0000000100000000)
  region size 1024K, 29 young (29696K), 12 survivors (12288K)
 Metaspace       used 34252K, capacity 35514K, committed 35584K, reserved 1079296K
  class space    used 4620K, capacity 5104K, committed 5120K, reserved 1048576K
}
Event: 6.667 GC heap after
{Heap after GC invocations=9 (full 0):
 garbage-first heap   total 197632K, used 21571K [0x0000000085200000, 0x0000000100000000)
  region size 1024K, 7 young (7168K), 7 survivors (7168K)
 Metaspace       used 34252K, capacity 35514K, committed 35584K, reserved 1079296K
  class space    used 4620K, capacity 5104K, committed 5120K, reserved 1048576K
}
Event: 47.900 GC heap before
{Heap before GC invocations=10 (full 0):
 garbage-first heap   total 197632K, used 128067K [0x0000000085200000, 0x0000000100000000)
  region size 1024K, 111 young (113664K), 7 survivors (7168K)
 Metaspace       used 38107K, capacity 39560K, committed 39800K, reserved 1083392K
  class space    used 5129K, capacity 5723K, committed 5752K, reserved 1048576K
}

