# JRE version: OpenJDK Runtime Environment (11.0.6+10) (build 11.0.6+10-post-Ubuntu-1ubuntu118.04.1)
# Java VM: OpenJDK 64-Bit Server VM (11.0.6+10-post-Ubuntu-1ubuntu118.04.1, mixed mode, sharing, tiered, compressed oops, g1 gc, linux-amd64)
Heap:
 garbage-first heap   total 366592K, used 46624K [0x0000000085200000, 0x0000000100000000)
  region size 1024K, 11 young (11264K), 11 survivors (11264K)
 Metaspace       used 62559K, capacity 64746K, committed 64888K, reserved 1103872K
  class space    used 8662K, capacity 9554K, committed 9600K, reserved 1048576K
GC Heap History (20 events):
Event: 0.910 GC heap after
{Heap after GC invocations=3 (full 0):
 garbage-first heap   total 129024K, used 8638K [0x0000000085200000, 0x0000000100000000)
  region size 1024K, 2 young (2048K), 2 survivors (2048K)
 Metaspace       used 6933K, capacity 7252K, committed 7552K, reserved 1056768K
  class space    used 870K, capacity 1025K, committed 1152K, reserved 1048576K
}
Event: 1.212 GC heap before
{Heap before GC invocations=3 (full 0):
 garbage-first heap   total 129024K, used 44478K [0x0000000085200000, 0x0000000100000000)
  region size 1024K, 38 young (38912K), 2 survivors (2048K)
 Metaspace       used 10928K, capacity 11421K, committed 11648K, reserved 1058816K
  class space    used 1449K, capacity 1653K, committed 1664K, reserved 1048576K
}
Event: 1.226 GC heap after
{Heap after GC invocations=4 (full 0):
 garbage-first heap   total 129024K, used 9934K [0x0000000085200000, 0x0000000100000000)
  region size 1024K, 4 young (4096K), 4 survivors (4096K)
 Metaspace       used 10928K, capacity 11421K, committed 11648K, reserved 1058816K
  class space    used 1449K, capacity 1653K, committed 1664K, reserved 1048576K
}
Event: 1.838 GC heap before
{Heap before GC invocations=4 (full 0):
 garbage-first heap   total 129024K, used 81614K [0x0000000085200000, 0x0000000100000000)
  region size 1024K, 74 young (75776K), 4 survivors (4096K)
 Metaspace       used 19928K, capacity 20783K, committed 20992K, reserved 1067008K
  class space    used 2699K, capacity 3035K, committed 3072K, reserved 1048576K
}
Event: 1.855 GC heap after
{Heap after GC invocations=5 (full 0):
 garbage-first heap   total 174080K, used 12141K [0x0000000085200000, 0x0000000100000000)
  region size 1024K, 6 young (6144K), 6 survivors (6144K)
 Metaspace       used 19928K, capacity 20783K, committed 20992K, reserved 1067008K
  class space    used 2699K, capacity 3035K, committed 3072K, reserved 1048576K
}
Event: 1.884 GC heap before
{Heap before GC invocations=5 (full 0):
 garbage-first heap   total 174080K, used 14189K [0x0000000085200000, 0x0000000100000000)
  region size 1024K, 9 young (9216K), 6 survivors (6144K)
 Metaspace       used 20204K, capacity 21014K, committed 21248K, reserved 1067008K
  class space    used 2739K, capacity 3047K, committed 3072K, reserved 1048576K
}
Event: 1.892 GC heap after
{Heap after GC invocations=6 (full 0):
 garbage-first heap   total 174080K, used 12185K [0x0000000085200000, 0x0000000100000000)
  region size 1024K, 6 young (6144K), 6 survivors (6144K)
 Metaspace       used 20204K, capacity 21014K, committed 21248K, reserved 1067008K
  class space    used 2739K, capacity 3047K, committed 3072K, reserved 1048576K
}
Event: 2.682 GC heap before
{Heap before GC invocations=7 (full 0):
 garbage-first heap   total 174080K, used 103321K [0x0000000085200000, 0x0000000100000000)
  region size 1024K, 95 young (97280K), 6 survivors (6144K)
 Metaspace       used 22642K, capacity 23581K, committed 23680K, reserved 1069056K
  class space    used 3075K, capacity 3420K, committed 3456K, reserved 1048576K
}
Event: 2.703 GC heap after
{Heap after GC invocations=8 (full 0):
 garbage-first heap   total 174080K, used 15049K [0x0000000085200000, 0x0000000100000000)
  region size 1024K, 9 young (9216K), 9 survivors (9216K)
 Metaspace       used 22642K, capacity 23581K, committed 23680K, reserved 1069056K
  class space    used 3075K, capacity 3420K, committed 3456K, reserved 1048576K
}
Event: 4.105 GC heap before
{Heap before GC invocations=8 (full 0):
 garbage-first heap   total 174080K, used 110281K [0x0000000085200000, 0x0000000100000000)
  region size 1024K, 102 young (104448K), 9 survivors (9216K)
 Metaspace       used 30090K, capacity 31140K, committed 31360K, reserved 1077248K
  class space    used 4091K, capacity 4470K, committed 4480K, reserved 1048576K
}
Event: 4.125 GC heap after
{Heap after GC invocations=9 (full 0):
 garbage-first heap   total 174080K, used 18958K [0x0000000085200000, 0x0000000100000000)
  region size 1024K, 11 young (11264K), 11 survivors (11264K)
 Metaspace       used 30090K, capacity 31140K, committed 31360K, reserved 1077248K
  class space    used 4091K, capacity 4470K, committed 4480K, reserved 1048576K
}
Event: 4.644 GC heap before
{Heap before GC invocations=9 (full 0):
 garbage-first heap   total 174080K, used 56846K [0x0000000085200000, 0x0000000100000000)
  region size 1024K, 49 young (50176K), 11 survivors (11264K)
 Metaspace       used 34232K, capacity 35510K, committed 35584K, reserved 1079296K
  class space    used 4619K, capacity 5103K, committed 5120K, reserved 1048576K
}
Event: 4.679 GC heap after
{Heap after GC invocations=10 (full 0):
 garbage-first heap   total 253952K, used 22416K [0x0000000085200000, 0x0000000100000000)
  region size 1024K, 11 young (11264K), 11 survivors (11264K)
 Metaspace       used 34232K, capacity 35510K, committed 35584K, reserved 1079296K
  class space    used 4619K, capacity 5103K, committed 5120K, reserved 1048576K
}
Event: 6.100 GC heap before
{Heap before GC invocations=11 (full 0):
 garbage-first heap   total 253952K, used 162704K [0x0000000085200000, 0x0000000100000000)
  region size 1024K, 148 young (151552K), 11 survivors (11264K)
 Metaspace       used 40720K, capacity 42281K, committed 42488K, reserved 1085440K
  class space    used 5498K, capacity 6122K, committed 6144K, reserved 1048576K
}
Event: 6.129 GC heap after
{Heap after GC invocations=12 (full 0):
 garbage-first heap   total 253952K, used 30147K [0x0000000085200000, 0x0000000100000000)
  region size 1024K, 18 young (18432K), 18 survivors (18432K)
 Metaspace       used 40720K, capacity 42281K, committed 42488K, reserved 1085440K
  class space    used 5498K, capacity 6122K, committed 6144K, reserved 1048576K
}
Event: 7.602 GC heap before
{Heap before GC invocations=13 (full 0):
 garbage-first heap   total 253952K, used 163267K [0x0000000085200000, 0x0000000100000000)
  region size 1024K, 148 young (151552K), 18 survivors (18432K)
 Metaspace       used 47864K, capacity 49787K, committed 49912K, reserved 1091584K
  class space    used 6571K, capacity 7317K, committed 7424K, reserved 1048576K
}
Event: 7.635 GC heap after
{Heap after GC invocations=14 (full 0):
 garbage-first heap   total 253952K, used 37186K [0x0000000085200000, 0x0000000100000000)
  region size 1024K, 16 young (16384K), 16 survivors (16384K)
 Metaspace       used 47864K, capacity 49787K, committed 49912K, reserved 1091584K
  class space    used 6571K, capacity 7317K, committed 7424K, reserved 1048576K
}
Event: 8.897 GC heap before
{Heap before GC invocations=14 (full 0):
 garbage-first heap   total 253952K, used 172354K [0x0000000085200000, 0x0000000100000000)
  region size 1024K, 148 young (151552K), 16 survivors (16384K)
 Metaspace       used 55432K, capacity 57564K, committed 57720K, reserved 1097728K
  class space    used 7628K, capacity 8462K, committed 8576K, reserved 1048576K
}
Event: 8.934 GC heap after
{Heap after GC invocations=15 (full 0):
 garbage-first heap   total 253952K, used 40970K [0x0000000085200000, 0x0000000100000000)
  region size 1024K, 12 young (12288K), 12 survivors (12288K)
 Metaspace       used 55432K, capacity 57564K, committed 57720K, reserved 1097728K
  class space    used 7628K, capacity 8462K, committed 8576K, reserved 1048576K
}
Event: 1222.436 GC heap before
{Heap before GC invocations=15 (full 0):
 garbage-first heap   total 253952K, used 179210K [0x0000000085200000, 0x0000000100000000)
  region size 1024K, 148 young (151552K), 12 survivors (12288K)
 Metaspace       used 62559K, capacity 64746K, committed 64888K, reserved 1103872K
  class space    used 8662K, capacity 9554K, committed 9600K, reserved 1048576K
}

