# JRE version: OpenJDK Runtime Environment (11.0.6+10) (build 11.0.6+10-post-Ubuntu-1ubuntu118.04.1)
# Java VM: OpenJDK 64-Bit Server VM (11.0.6+10-post-Ubuntu-1ubuntu118.04.1, mixed mode, sharing, tiered, compressed oops, g1 gc, linux-amd64)
Heap:
 garbage-first heap   total 506880K, used 51185K [0x0000000085200000, 0x0000000100000000)
  region size 1024K, 11 young (11264K), 11 survivors (11264K)
 Metaspace       used 68014K, capacity 70164K, committed 70440K, reserved 1110016K
  class space    used 9476K, capacity 10300K, committed 10380K, reserved 1048576K
GC Heap History (20 events):
Event: 0.810 GC heap after
{Heap after GC invocations=3 (full 0):
 garbage-first heap   total 129024K, used 11683K [0x0000000085200000, 0x0000000100000000)
  region size 1024K, 3 young (3072K), 3 survivors (3072K)
 Metaspace       used 6996K, capacity 7380K, committed 7552K, reserved 1056768K
  class space    used 874K, capacity 1025K, committed 1152K, reserved 1048576K
}
Event: 0.845 GC heap before
{Heap before GC invocations=3 (full 0):
 garbage-first heap   total 129024K, used 49571K [0x0000000085200000, 0x0000000100000000)
  region size 1024K, 41 young (41984K), 3 survivors (3072K)
 Metaspace       used 7085K, capacity 7464K, committed 7808K, reserved 1056768K
  class space    used 890K, capacity 1032K, committed 1152K, reserved 1048576K
}
Event: 0.853 GC heap after
{Heap after GC invocations=4 (full 0):
 garbage-first heap   total 129024K, used 11757K [0x0000000085200000, 0x0000000100000000)
  region size 1024K, 3 young (3072K), 3 survivors (3072K)
 Metaspace       used 7085K, capacity 7464K, committed 7808K, reserved 1056768K
  class space    used 890K, capacity 1032K, committed 1152K, reserved 1048576K
}
Event: 1.193 GC heap before
{Heap before GC invocations=4 (full 0):
 garbage-first heap   total 129024K, used 69101K [0x0000000085200000, 0x0000000100000000)
  region size 1024K, 60 young (61440K), 3 survivors (3072K)
 Metaspace       used 14403K, capacity 14975K, committed 15360K, reserved 1062912K
  class space    used 1974K, capacity 2224K, committed 2304K, reserved 1048576K
}
Event: 1.202 GC heap after
{Heap after GC invocations=5 (full 0):
 garbage-first heap   total 208896K, used 13878K [0x0000000085200000, 0x0000000100000000)
  region size 1024K, 5 young (5120K), 5 survivors (5120K)
 Metaspace       used 14403K, capacity 14975K, committed 15360K, reserved 1062912K
  class space    used 1974K, capacity 2224K, committed 2304K, reserved 1048576K
}
Event: 1.659 GC heap before
{Heap before GC invocations=5 (full 0):
 garbage-first heap   total 208896K, used 66102K [0x0000000085200000, 0x0000000100000000)
  region size 1024K, 57 young (58368K), 5 survivors (5120K)
 Metaspace       used 20266K, capacity 21082K, committed 21248K, reserved 1067008K
  class space    used 2741K, capacity 3050K, committed 3072K, reserved 1048576K
}
Event: 1.687 GC heap after
{Heap after GC invocations=6 (full 0):
 garbage-first heap   total 208896K, used 15566K [0x0000000085200000, 0x0000000100000000)
  region size 1024K, 7 young (7168K), 7 survivors (7168K)
 Metaspace       used 20266K, capacity 21082K, committed 21248K, reserved 1067008K
  class space    used 2741K, capacity 3050K, committed 3072K, reserved 1048576K
}
Event: 2.368 GC heap before
{Heap before GC invocations=7 (full 0):
 garbage-first heap   total 208896K, used 108750K [0x0000000085200000, 0x0000000100000000)
  region size 1024K, 99 young (101376K), 7 survivors (7168K)
 Metaspace       used 23913K, capacity 24871K, committed 25084K, reserved 1071104K
  class space    used 3151K, capacity 3518K, committed 3584K, reserved 1048576K
}
Event: 2.383 GC heap after
{Heap after GC invocations=8 (full 0):
 garbage-first heap   total 208896K, used 18053K [0x0000000085200000, 0x0000000100000000)
  region size 1024K, 9 young (9216K), 9 survivors (9216K)
 Metaspace       used 23913K, capacity 24871K, committed 25084K, reserved 1071104K
  class space    used 3151K, capacity 3518K, committed 3584K, reserved 1048576K
}
Event: 3.193 GC heap before
{Heap before GC invocations=8 (full 0):
 garbage-first heap   total 208896K, used 133765K [0x0000000085200000, 0x0000000100000000)
  region size 1024K, 122 young (124928K), 9 survivors (9216K)
 Metaspace       used 27592K, capacity 28736K, committed 29052K, reserved 1075200K
  class space    used 3737K, capacity 4156K, committed 4224K, reserved 1048576K
}
Event: 3.208 GC heap after
{Heap after GC invocations=9 (full 0):
 garbage-first heap   total 208896K, used 21348K [0x0000000085200000, 0x0000000100000000)
  region size 1024K, 12 young (12288K), 12 survivors (12288K)
 Metaspace       used 27592K, capacity 28736K, committed 29052K, reserved 1075200K
  class space    used 3737K, capacity 4156K, committed 4224K, reserved 1048576K
}
Event: 4.128 GC heap before
{Heap before GC invocations=9 (full 0):
 garbage-first heap   total 208896K, used 125796K [0x0000000085200000, 0x0000000100000000)
  region size 1024K, 115 young (117760K), 12 survivors (12288K)
 Metaspace       used 34579K, capacity 35798K, committed 35964K, reserved 1079296K
  class space    used 4672K, capacity 5178K, committed 5248K, reserved 1048576K
}
Event: 4.156 GC heap after
{Heap after GC invocations=10 (full 0):
 garbage-first heap   total 335872K, used 25023K [0x0000000085200000, 0x0000000100000000)
  region size 1024K, 12 young (12288K), 12 survivors (12288K)
 Metaspace       used 34579K, capacity 35798K, committed 35964K, reserved 1079296K
  class space    used 4672K, capacity 5178K, committed 5248K, reserved 1048576K
}
Event: 5.247 GC heap before
{Heap before GC invocations=11 (full 0):
 garbage-first heap   total 335872K, used 213439K [0x0000000085200000, 0x0000000100000000)
  region size 1024K, 196 young (200704K), 12 survivors (12288K)
 Metaspace       used 39745K, capacity 41236K, committed 41500K, reserved 1085440K
  class space    used 5309K, capacity 5930K, committed 6016K, reserved 1048576K
}
Event: 5.294 GC heap after
{Heap after GC invocations=12 (full 0):
 garbage-first heap   total 335872K, used 30656K [0x0000000085200000, 0x0000000100000000)
  region size 1024K, 17 young (17408K), 17 survivors (17408K)
 Metaspace       used 39745K, capacity 41236K, committed 41500K, reserved 1085440K
  class space    used 5309K, capacity 5930K, committed 6016K, reserved 1048576K
}
Event: 7.068 GC heap before
{Heap before GC invocations=12 (full 0):
 garbage-first heap   total 335872K, used 212928K [0x0000000085200000, 0x0000000100000000)
  region size 1024K, 196 young (200704K), 17 survivors (17408K)
 Metaspace       used 48314K, capacity 50072K, committed 50332K, reserved 1093632K
  class space    used 6439K, capacity 7122K, committed 7168K, reserved 1048576K
}
Event: 7.106 GC heap after
{Heap after GC invocations=13 (full 0):
 garbage-first heap   total 335872K, used 40358K [0x0000000085200000, 0x0000000100000000)
  region size 1024K, 20 young (20480K), 20 survivors (20480K)
 Metaspace       used 48314K, capacity 50072K, committed 50332K, reserved 1093632K
  class space    used 6439K, capacity 7122K, committed 7168K, reserved 1048576K
}
Event: 8.429 GC heap before
{Heap before GC invocations=13 (full 0):
 garbage-first heap   total 335872K, used 210342K [0x0000000085200000, 0x0000000100000000)
  region size 1024K, 187 young (191488K), 20 survivors (20480K)
 Metaspace       used 58523K, capacity 60341K, committed 60636K, reserved 1101824K
  class space    used 7976K, capacity 8728K, committed 8768K, reserved 1048576K
}
Event: 8.464 GC heap after
{Heap after GC invocations=14 (full 0):
 garbage-first heap   total 335872K, used 45234K [0x0000000085200000, 0x0000000100000000)
  region size 1024K, 15 young (15360K), 15 survivors (15360K)
 Metaspace       used 58523K, capacity 60341K, committed 60636K, reserved 1101824K
  class space    used 7976K, capacity 8728K, committed 8768K, reserved 1048576K
}
Event: 10.036 GC heap before
{Heap before GC invocations=15 (full 0):
 garbage-first heap   total 335872K, used 230578K [0x0000000085200000, 0x0000000100000000)
  region size 1024K, 196 young (200704K), 15 survivors (15360K)
 Metaspace       used 68014K, capacity 70164K, committed 70440K, reserved 1110016K
  class space    used 9476K, capacity 10300K, committed 10380K, reserved 1048576K
}

